<?xml version="1.0" encoding="UTF-8"?>
<testng-results skipped="0" failed="0" total="3" passed="3">
  <reporter-output>
    <line>
      <![CDATA[setUp() method has executed successfully]]>
    </line>
  </reporter-output>
  <suite name="Default suite" duration-ms="85049" started-at="2017-08-24T17:33:32Z" finished-at="2017-08-24T17:34:57Z">
    <groups>
    </groups>
    <test name="Default test" duration-ms="85049" started-at="2017-08-24T17:33:32Z" finished-at="2017-08-24T17:34:57Z">
      <class name="testScripts.Login">
        <test-method status="PASS" signature="setUp()[pri:0, instance:testScripts.Login@4cf777e8]" name="setUp" is-config="true" duration-ms="46141" started-at="2017-08-24T10:33:32Z" finished-at="2017-08-24T10:34:18Z">
          <reporter-output>
            <line>
              <![CDATA[setUp() method has executed successfully]]>
            </line>
          </reporter-output>
        </test-method> <!-- setUp -->
        <test-method status="PASS" signature="verifyHomePage()[pri:0, instance:testScripts.Login@4cf777e8]" name="verifyHomePage" duration-ms="65" started-at="2017-08-24T10:34:18Z" finished-at="2017-08-24T10:34:18Z">
          <reporter-output>
          </reporter-output>
        </test-method> <!-- verifyHomePage -->
        <test-method status="PASS" signature="checkLogin1()[pri:0, instance:testScripts.Login@4cf777e8]" name="checkLogin1" duration-ms="25535" started-at="2017-08-24T10:34:18Z" depends-on-methods="testScripts.Login.verifyHomePage" finished-at="2017-08-24T10:34:43Z">
          <reporter-output>
          </reporter-output>
        </test-method> <!-- checkLogin1 -->
        <test-method status="PASS" signature="checkLogin2()[pri:0, instance:testScripts.Login@4cf777e8]" name="checkLogin2" duration-ms="10904" started-at="2017-08-24T10:34:43Z" depends-on-methods="testScripts.Login.checkLogin1" finished-at="2017-08-24T10:34:54Z">
          <reporter-output>
          </reporter-output>
        </test-method> <!-- checkLogin2 -->
        <test-method status="PASS" signature="cleanUp()[pri:0, instance:testScripts.Login@4cf777e8]" name="cleanUp" is-config="true" duration-ms="2236" started-at="2017-08-24T10:34:54Z" finished-at="2017-08-24T10:34:57Z">
          <reporter-output>
          </reporter-output>
        </test-method> <!-- cleanUp -->
      </class> <!-- testScripts.Login -->
    </test> <!-- Default test -->
  </suite> <!-- Default suite -->
</testng-results>
