<?xml version="1.0" encoding="UTF-8"?>
<!-- Generated by org.testng.reporters.JUnitXMLReporter -->
<testsuite hostname="RAJEN" name="Default test" tests="3" failures="0" timestamp="24 Aug 2017 17:34:57 GMT" time="85.049" errors="0">
  <testcase name="verifyHomePage" time="0.065" classname="testScripts.Login"/>
  <testcase name="checkLogin1" time="25.535" classname="testScripts.Login"/>
  <testcase name="checkLogin2" time="10.904" classname="testScripts.Login"/>
</testsuite> <!-- Default test -->
