<?xml version="1.0" encoding="UTF-8"?>
<!-- Generated by org.testng.reporters.JUnitXMLReporter -->
<testsuite hostname="RAJEN" name="Automation Test" tests="3" failures="0" timestamp="21 Jul 2017 20:12:20 GMT" time="61.082" errors="0">
  <testcase name="verifyHomePage" time="30.156" classname="testScripts.Login"/>
  <testcase name="checkLogin1" time="25.541" classname="testScripts.Login"/>
  <testcase name="checkLogin2" time="5.358" classname="testScripts.Login"/>
</testsuite> <!-- Automation Test -->
